<?xml version="1.0" encoding="UTF-8"?>
<!-- Generated by org.testng.reporters.JUnitReportReporter -->
<testsuite hostname="SIT-PC" name="com.crm.qa.testcases.LoginPageTest" tests="3" failures="0" timestamp="24 Dec 2017 06:49:00 GMT" time="47.284" errors="0">
  <testcase name="verifyLoginPageTitleTest" time="13.392" classname="com.crm.qa.testcases.LoginPageTest"/>
  <testcase name="verifyLogoTest" time="11.699" classname="com.crm.qa.testcases.LoginPageTest"/>
  <testcase name="LoginTest" time="22.193" classname="com.crm.qa.testcases.LoginPageTest"/>
</testsuite> <!-- com.crm.qa.testcases.LoginPageTest -->
