<?xml version="1.0" encoding="UTF-8"?>
<!-- Generated by org.testng.reporters.JUnitReportReporter -->
<testsuite hostname="SIT-PC" name="com.crm.qa.testcases.LoginPageTest" tests="3" failures="0" timestamp="24 Dec 2017 06:11:26 GMT" time="53.698" errors="0">
  <testcase name="verifyLoginPageTitleTest" time="18.151" classname="com.crm.qa.testcases.LoginPageTest"/>
  <testcase name="LoginTest" time="23.523" classname="com.crm.qa.testcases.LoginPageTest"/>
  <testcase name="verifyLogoTest" time="12.024" classname="com.crm.qa.testcases.LoginPageTest"/>
</testsuite> <!-- com.crm.qa.testcases.LoginPageTest -->
