<?xml version="1.0" encoding="UTF-8"?>
<!-- Generated by org.testng.reporters.JUnitReportReporter -->
<testsuite hostname="SIT-PC" name="com.crm.qa.testcases.LoginPageTest" tests="3" failures="0" timestamp="17 Dec 2017 14:03:45 GMT" time="46.336" errors="0">
  <testcase name="LoginTest" time="22.526" classname="com.crm.qa.testcases.LoginPageTest"/>
  <testcase name="verifyLogoTest" time="12.044" classname="com.crm.qa.testcases.LoginPageTest"/>
  <testcase name="verifyLoginPageTitleTest" time="11.766" classname="com.crm.qa.testcases.LoginPageTest"/>
</testsuite> <!-- com.crm.qa.testcases.LoginPageTest -->
