<?xml version="1.0" encoding="UTF-8"?>
<!-- Generated by org.testng.reporters.JUnitReportReporter -->
<testsuite hostname="SIT-PC" name="com.crm.qa.testcases.LoginPageTest" tests="3" failures="0" timestamp="10 Dec 2017 14:11:52 GMT" time="43.878" errors="0">
  <testcase name="verifyLogoTest" time="11.995" classname="com.crm.qa.testcases.LoginPageTest"/>
  <testcase name="LoginTest" time="20.139" classname="com.crm.qa.testcases.LoginPageTest"/>
  <testcase name="verifyLoginPageTitleTest" time="11.744" classname="com.crm.qa.testcases.LoginPageTest"/>
</testsuite> <!-- com.crm.qa.testcases.LoginPageTest -->
