<?xml version="1.0" encoding="UTF-8"?>
<!-- Generated by org.testng.reporters.JUnitReportReporter -->
<testsuite hostname="SIT-PC" name="com.crm.qa.testcases.HomePageTest" tests="3" failures="0" timestamp="17 Dec 2017 14:03:45 GMT" time="75.861" errors="0">
  <testcase name="clickOnDealsPageLink" time="24.793" classname="com.crm.qa.testcases.HomePageTest"/>
  <testcase name="clickOnContactsLinkTest" time="28.398" classname="com.crm.qa.testcases.HomePageTest"/>
  <testcase name="verifyNameTest" time="22.670" classname="com.crm.qa.testcases.HomePageTest"/>
</testsuite> <!-- com.crm.qa.testcases.HomePageTest -->
