<?xml version="1.0" encoding="UTF-8"?>
<!-- Generated by org.testng.reporters.JUnitReportReporter -->
<testsuite hostname="SIT-PC" name="com.crm.qa.testcases.HomePageTest" tests="3" failures="0" timestamp="10 Dec 2017 14:11:52 GMT" time="68.659" errors="0">
  <testcase name="clickOnContactsLinkTest" time="24.078" classname="com.crm.qa.testcases.HomePageTest"/>
  <testcase name="verifyNameTest" time="20.932" classname="com.crm.qa.testcases.HomePageTest"/>
  <testcase name="clickOnDealsPageLink" time="23.649" classname="com.crm.qa.testcases.HomePageTest"/>
</testsuite> <!-- com.crm.qa.testcases.HomePageTest -->
